<?xml version="1.0" encoding="UTF-8"?>
<!-- Generated by org.testng.reporters.JUnitXMLReporter -->
<testsuite ignored="2" hostname="SupriyaSP" failures="0" tests="6" name="TestRunner-Edge" time="110.933" errors="0" timestamp="2024-08-05T17:37:22 IST">
  <testcase classname="com.crm.comcast.contacttest.CreateContactTest" name="createContactTest" time="11.434"/>
  <testcase classname="com.crm.comcast.contacttest.CreateContactTest" name="createContactWithOrgTest" time="0.001">
    <skipped/>
  </testcase> <!-- createContactWithOrgTest -->
  <testcase classname="com.crm.comcast.contacttest.CreateContactTest" name="createContactWithSupportDateTest" time="0.0">
    <skipped/>
  </testcase> <!-- createContactWithSupportDateTest -->
  <testcase classname="com.crm.comcast.orgtest.CreateOrgTest" name="createOrgTest" time="12.61"/>
  <testcase classname="com.crm.comcast.orgtest.CreateOrgTest" name="createOrgWithIndustry" time="14.41"/>
  <testcase classname="com.crm.comcast.orgtest.CreateOrgTest" name="createOrgWithPhoneNumber" time="0.0">
    <skipped/>
  </testcase> <!-- createOrgWithPhoneNumber -->
  <testcase classname="com.crm.generic.baseutility.BaseTest" name="@AfterSuite configAs" time="0.0">
    <ignored/>
  </testcase> <!-- @AfterSuite configAs -->
  <testcase classname="com.crm.generic.baseutility.BaseTest" name="@BeforeSuite configBs" time="0.0">
    <ignored/>
  </testcase> <!-- @BeforeSuite configBs -->
</testsuite> <!-- TestRunner-Edge -->
