<?xml version="1.0" encoding="UTF-8"?>
<testng-results ignored="2" total="3" passed="1" failed="0" skipped="0">
  <reporter-output>
  </reporter-output>
  <suite started-at="2024-08-10T14:27:09 IST" name="Default suite" finished-at="2024-08-10T14:31:33 IST" duration-ms="264376">
    <groups>
      <group name="ST">
        <method signature="CreateOrgTest.createOrgTest()[pri:1, instance:com.crm.comcast.orgtest.CreateOrgTest@7e057f43]" name="createOrgTest" class="com.crm.comcast.orgtest.CreateOrgTest"/>
      </group> <!-- ST -->
    </groups>
    <test started-at="2024-08-10T14:27:09 IST" name="Default test" finished-at="2024-08-10T14:31:33 IST" duration-ms="264376">
      <class name="com.crm.comcast.orgtest.CreateOrgTest">
        <test-method is-config="true" signature="configBs()[pri:0, instance:com.crm.comcast.orgtest.CreateOrgTest@7e057f43]" started-at="2024-08-10T14:26:52 IST" name="configBs" finished-at="2024-08-10T14:27:09 IST" duration-ms="17174" status="PASS">
          <reporter-output>
          </reporter-output>
        </test-method> <!-- configBs -->
        <test-method is-config="true" signature="configBc()[pri:0, instance:com.crm.comcast.orgtest.CreateOrgTest@7e057f43]" started-at="2024-08-10T14:27:09 IST" name="configBc" finished-at="2024-08-10T14:27:38 IST" duration-ms="28971" status="PASS">
          <reporter-output>
          </reporter-output>
        </test-method> <!-- configBc -->
        <test-method is-config="true" signature="configBm()[pri:0, instance:com.crm.comcast.orgtest.CreateOrgTest@7e057f43]" started-at="2024-08-10T14:27:38 IST" name="configBm" finished-at="2024-08-10T14:28:23 IST" duration-ms="45120" status="PASS">
          <reporter-output>
          </reporter-output>
        </test-method> <!-- configBm -->
        <test-method signature="createOrgTest()[pri:1, instance:com.crm.comcast.orgtest.CreateOrgTest@7e057f43]" started-at="2024-08-10T14:28:23 IST" name="createOrgTest" finished-at="2024-08-10T14:30:43 IST" duration-ms="140296" status="PASS">
          <reporter-output>
          </reporter-output>
        </test-method> <!-- createOrgTest -->
        <test-method is-config="true" signature="configAm()[pri:0, instance:com.crm.comcast.orgtest.CreateOrgTest@7e057f43]" started-at="2024-08-10T14:30:43 IST" name="configAm" finished-at="2024-08-10T14:31:11 IST" duration-ms="27440" status="PASS">
          <reporter-output>
          </reporter-output>
        </test-method> <!-- configAm -->
        <test-method is-config="true" signature="configAc()[pri:0, instance:com.crm.comcast.orgtest.CreateOrgTest@7e057f43]" started-at="2024-08-10T14:31:11 IST" name="configAc" finished-at="2024-08-10T14:31:33 IST" duration-ms="22462" status="PASS">
          <reporter-output>
          </reporter-output>
        </test-method> <!-- configAc -->
        <test-method is-config="true" signature="configAs()[pri:0, instance:com.crm.comcast.orgtest.CreateOrgTest@7e057f43]" started-at="2024-08-10T14:31:33 IST" name="configAs" finished-at="2024-08-10T14:31:54 IST" duration-ms="21026" status="PASS">
          <reporter-output>
          </reporter-output>
        </test-method> <!-- configAs -->
      </class> <!-- com.crm.comcast.orgtest.CreateOrgTest -->
    </test> <!-- Default test -->
  </suite> <!-- Default suite -->
</testng-results>
